root@iZwz9bj4ryzwisxega006tZ:/home/simple-scalar/benchmark/CINT2000/176.gcc/data/test/input# sim-bpred -bpred:bimod 1024 -max:inst 200000000 ../../../cc1.ss -O2 ./cccp.i
sim-bpred: SimpleScalar/PISA Tool Set version 3.0 of August, 2003.
Copyright (c) 1994-2003 by Todd M. Austin, Ph.D. and SimpleScalar, LLC.
All Rights Reserved. This version of SimpleScalar is licensed for academic
non-commercial use.  No portion of this work may be used by any commercial
entity, or for any commercial purpose, without the prior written permission
of SimpleScalar, LLC (info@simplescalar.com).

sim: command line: sim-bpred -bpred:bimod 1024 -max:inst 200000000 ../../../cc1.ss -O2 ./cccp.i

sim: simulation started @ Thu Jul  2 20:24:58 2020, options follow:

sim-bpred: This simulator implements a branch predictor analyzer.

# -config                     # load configuration from a file
# -dumpconfig                 # dump configuration to a file
# -h                    false # print help message
# -v                    false # verbose operation
# -d                    false # enable debug message
# -i                    false # start in Dlite debugger
-seed                       1 # random number generator seed (0 for timer seed)
# -q                    false # initialize and terminate immediately
# -chkpt               <null> # restore EIO trace execution from <fname>
# -redir:sim           <null> # redirect simulator output to file (non-interactive only)
# -redir:prog          <null> # redirect simulated program output to file
-nice                       0 # simulator scheduling priority
-max:inst           200000000 # maximum number of inst's to execute
-bpred                  bimod # branch predictor type {nottaken|taken|bimod|2lev|comb}
-bpred:bimod     1024 # bimodal predictor config (<table size>)
-bpred:2lev      1 1024 8 0 # 2-level predictor config (<l1size> <l2size> <hist_size> <xor>)
-bpred:comb      1024 # combining predictor config (<meta_table_size>)
-bpred:ras                  8 # return address stack size (0 for no return stack)
-bpred:btb       512 4 # BTB config (<num_sets> <associativity>)

  Branch predictor configuration examples for 2-level predictor:
    Configurations:   N, M, W, X
      N   # entries in first level (# of shift register(s))
      W   width of shift register(s)
      M   # entries in 2nd level (# of counters, or other FSM)
      X   (yes-1/no-0) xor history and address for 2nd level index
    Sample predictors:
      GAg     : 1, W, 2^W, 0
      GAp     : 1, W, M (M > 2^W), 0
      PAg     : N, W, 2^W, 0
      PAp     : N, W, M (M == 2^(N+W)), 0
      gshare  : 1, W, 2^W, 1
  Predictor `comb' combines a bimodal and a 2-level predictor.



sim: ** starting functional simulation w/ predictors **
warning: syscall: sigvec ignored
warning: syscall: sigvec ignored
 main
sim: ** simulation statistics **
sim_num_insn              200000000 # total number of instructions executed
sim_num_refs               82299557 # total number of loads and stores executed
sim_elapsed_time                 12 # total simulation time in seconds
sim_inst_rate          16666666.6667 # simulation speed (in insts/sec)
sim_num_branches           38932651 # total number of branches executed
sim_IPB                      5.1371 # instruction per branch
bpred_bimod.lookups        38932651 # total number of bpred lookups
bpred_bimod.updates        38932651 # total number of updates
bpred_bimod.addr_hits      33826488 # total number of address-predicted hits
bpred_bimod.dir_hits       34459270 # total number of direction-predicted hits (includes addr-hits)
bpred_bimod.misses          4473381 # total number of misses
bpred_bimod.jr_hits         2722268 # total number of address-predicted hits for JR's
bpred_bimod.jr_seen         3392575 # total number of JR's seen
bpred_bimod.jr_non_ras_hits.PP       338933 # total number of address-predicted hits for non-RAS JR's
bpred_bimod.jr_non_ras_seen.PP       999722 # total number of non-RAS JR's seen
bpred_bimod.bpred_addr_rate    0.8688 # branch address-prediction rate (i.e., addr-hits/updates)
bpred_bimod.bpred_dir_rate    0.8851 # branch direction-prediction rate (i.e., all-hits/updates)
bpred_bimod.bpred_jr_rate    0.8024 # JR address-prediction rate (i.e., JR addr-hits/JRs seen)
bpred_bimod.bpred_jr_non_ras_rate.PP    0.3390 # non-RAS JR addr-pred rate (ie, non-RAS JR hits/JRs seen)
bpred_bimod.retstack_pushes      2392862 # total number of address pushed onto ret-addr stack
bpred_bimod.retstack_pops      2392853 # total number of address popped off of ret-addr stack
bpred_bimod.used_ras.PP      2392853 # total number of RAS predictions used
bpred_bimod.ras_hits.PP      2383335 # total number of RAS hits
bpred_bimod.ras_rate.PP    0.9960 # RAS prediction rate (i.e., RAS hits/used RAS)