root@iZwz9bj4ryzwisxega006tZ:/home/simple-scalar/benchmark/CINT2000/175.vpr/data/test/input# sim-cache -cache:dl1 dl1:128:32:8:l -cache:dl2 none -cache:il2 none -max:inst 2000000000 ./vpr.ss ./arch.in ./net.in ./place.in
sim-cache: SimpleScalar/PISA Tool Set version 3.0 of August, 2003.
Copyright (c) 1994-2003 by Todd M. Austin, Ph.D. and SimpleScalar, LLC.
All Rights Reserved. This version of SimpleScalar is licensed for academic
non-commercial use.  No portion of this work may be used by any commercial
entity, or for any commercial purpose, without the prior written permission
of SimpleScalar, LLC (info@simplescalar.com).

sim: command line: sim-cache -cache:dl1 dl1:128:32:8:l -cache:dl2 none -cache:il2 none -max:inst 2000000000 ./vpr.ss ./arch.in ./net.in ./place.in

sim: simulation started @ Fri Jul  3 04:14:24 2020, options follow:

sim-cache: This simulator implements a functional cache simulator.  Cache
statistics are generated for a user-selected cache and TLB configuration,
which may include up to two levels of instruction and data cache (with any
levels unified), and one level of instruction and data TLBs.  No timing
information is generated.

# -config                     # load configuration from a file
# -dumpconfig                 # dump configuration to a file
# -h                    false # print help message
# -v                    false # verbose operation
# -d                    false # enable debug message
# -i                    false # start in Dlite debugger
-seed                       1 # random number generator seed (0 for timer seed)
# -q                    false # initialize and terminate immediately
# -chkpt               <null> # restore EIO trace execution from <fname>
# -redir:sim           <null> # redirect simulator output to file (non-interactive only)
# -redir:prog          <null> # redirect simulated program output to file
-nice                       0 # simulator scheduling priority
-max:inst          2000000000 # maximum number of inst's to execute
-cache:dl1       dl1:128:32:8:l # l1 data cache config, i.e., {<config>|none}
-cache:dl2               none # l2 data cache config, i.e., {<config>|none}
-cache:il1       il1:256:32:1:l # l1 inst cache config, i.e., {<config>|dl1|dl2|none}
-cache:il2               none # l2 instruction cache config, i.e., {<config>|dl2|none}
-tlb:itlb        itlb:16:4096:4:l # instruction TLB config, i.e., {<config>|none}
-tlb:dtlb        dtlb:32:4096:4:l # data TLB config, i.e., {<config>|none}
-flush                  false # flush caches on system calls
-cache:icompress        false # convert 64-bit inst addresses to 32-bit inst equivalents
# -pcstat              <null> # profile stat(s) against text addr's (mult uses ok)

  The cache config parameter <config> has the following format:

    <name>:<nsets>:<bsize>:<assoc>:<repl>

    <name>   - name of the cache being defined
    <nsets>  - number of sets in the cache
    <bsize>  - block size of the cache
    <assoc>  - associativity of the cache
    <repl>   - block replacement strategy, 'l'-LRU, 'f'-FIFO, 'r'-random

    Examples:   -cache:dl1 dl1:4096:32:1:l
                -dtlb dtlb:128:4096:32:r

  Cache levels can be unified by pointing a level of the instruction cache
  hierarchy at the data cache hiearchy using the "dl1" and "dl2" cache
  configuration arguments.  Most sensible combinations are supported, e.g.,

    A unified l2 cache (il2 is pointed at dl2):
      -cache:il1 il1:128:64:1:l -cache:il2 dl2
      -cache:dl1 dl1:256:32:1:l -cache:dl2 ul2:1024:64:2:l

    Or, a fully unified cache hierarchy (il1 pointed at dl1):
      -cache:il1 dl1
      -cache:dl1 ul1:256:32:1:l -cache:dl2 ul2:1024:64:2:l



sim: ** starting functional simulation w/ caches **


VPR FPGA Placement and Routing Program Version 4.00-spec
Source completed August 19, 1997.

Usage:  vpr circuit.net fpga.arch placed.out routed.out [Options ...]

General Options:  [-nodisp] [-auto <int>] [-route_only]
        [-place_only] [-aspect_ratio <float>]
        [-nx <int>] [-ny <int>] [-full_stats] [-fast]
        [-timing_analysis on | off]

Placer Options:  [-init_t <float>] [-exit_t <float>]
        [-alpha_t <float>] [-inner_num <float>] [-seed <int>]
        [-place_cost_exp <float>] [-place_cost_type linear | nonlinear]
        [-place_chan_width <int>] [-num_regions <int>]
        [-fix_pins random | <file.pads>]

Router Options:  [-max_router_iterations <int>] [-bb_factor <int>]
        [-initial_pres_fac <float>] [-pres_fac_mult <float>]
        [-acc_fac <float>] [-first_iter_pres_fac <float>]
        [-bend_cost <float>] [-route_type global | detailed]
        [-verify_binary_search] [-route_chan_width <int>]


sim: ** simulation statistics **
sim_num_insn                  27991 # total number of instructions executed
sim_num_refs                   9772 # total number of loads and stores executed
sim_elapsed_time                  1 # total simulation time in seconds
sim_inst_rate            27991.0000 # simulation speed (in insts/sec)
il1.accesses                  27991 # total number of accesses
il1.hits                      25679 # total number of hits
il1.misses                     2312 # total number of misses
il1.replacements               2063 # total number of replacements
il1.writebacks                    0 # total number of writebacks
il1.invalidations                 0 # total number of invalidations
il1.miss_rate                0.0826 # miss rate (i.e., misses/ref)
il1.repl_rate                0.0737 # replacement rate (i.e., repls/ref)
il1.wb_rate                  0.0000 # writeback rate (i.e., wrbks/ref)
il1.inv_rate                 0.0000 # invalidation rate (i.e., invs/ref)
dl1.accesses                  10789 # total number of accesses
dl1.hits                      10261 # total number of hits
dl1.misses                      528 # total number of misses
dl1.replacements                  0 # total number of replacements
dl1.writebacks                    0 # total number of writebacks
dl1.invalidations                 0 # total number of invalidations
dl1.miss_rate                0.0489 # miss rate (i.e., misses/ref)
dl1.repl_rate                0.0000 # replacement rate (i.e., repls/ref)
dl1.wb_rate                  0.0000 # writeback rate (i.e., wrbks/ref)
dl1.inv_rate                 0.0000 # invalidation rate (i.e., invs/ref)
itlb.accesses                 27991 # total number of accesses
itlb.hits                     27973 # total number of hits
itlb.misses                      18 # total number of misses
itlb.replacements                 0 # total number of replacements
itlb.writebacks                   0 # total number of writebacks
itlb.invalidations                0 # total number of invalidations
itlb.miss_rate               0.0006 # miss rate (i.e., misses/ref)
itlb.repl_rate               0.0000 # replacement rate (i.e., repls/ref)
itlb.wb_rate                 0.0000 # writeback rate (i.e., wrbks/ref)
itlb.inv_rate                0.0000 # invalidation rate (i.e., invs/ref)
dtlb.accesses                 10789 # total number of accesses
dtlb.hits                     10776 # total number of hits
dtlb.misses                      13 # total number of misses
dtlb.replacements                 0 # total number of replacements
dtlb.writebacks                   0 # total number of writebacks
dtlb.invalidations                0 # total number of invalidations
dtlb.miss_rate               0.0012 # miss rate (i.e., misses/ref)
dtlb.repl_rate               0.0000 # replacement rate (i.e., repls/ref)
dtlb.wb_rate                 0.0000 # writeback rate (i.e., wrbks/ref)
dtlb.inv_rate                0.0000 # invalidation rate (i.e., invs/ref)
ld_text_base             0x00400000 # program text (code) segment base
ld_text_size                 363216 # program text (code) size in bytes
ld_data_base             0x10000000 # program initialized data segment base
ld_data_size                  45856 # program init'ed `.data' and uninit'ed `.bss' size in bytes
ld_stack_base            0x7fffc000 # program stack segment base (highest address in stack)
ld_stack_size                 16384 # program initial stack size
ld_prog_entry            0x00400140 # program entry point (initial PC)
ld_environ_base          0x7fff8000 # program environment base address address
ld_target_big_endian              0 # target executable endian-ness, non-zero if big endian
mem.page_count                  108 # total number of pages allocated
mem.page_mem                   432k # total size of memory pages allocated
mem.ptab_misses                 108 # total first level page table misses
mem.ptab_accesses           2404330 # total page table accesses
mem.ptab_miss_rate           0.0000 # first level page table miss rate